\BOOKMARK [1][-]{section.1}{Introducation}{}% 1
\BOOKMARK [1][-]{section.2}{Related Work}{}% 2
\BOOKMARK [2][-]{subsection.2.1}{Non-physics Model-Based Methods}{section.2}% 3
\BOOKMARK [2][-]{subsection.2.2}{Physics Model-Based Methods}{section.2}% 4
\BOOKMARK [2][-]{subsection.2.3}{Deep Learning-Based Methods}{section.2}% 5
\BOOKMARK [1][-]{section.3}{Proposed Method}{}% 6
\BOOKMARK [2][-]{subsection.3.1}{Philosophy of Model Design}{section.3}% 7
\BOOKMARK [2][-]{subsection.3.2}{The Framework of LCNet}{section.3}% 8
\BOOKMARK [2][-]{subsection.3.3}{Pyramid Decomposition}{section.3}% 9
\BOOKMARK [2][-]{subsection.3.4}{Multi-scale Enhancement}{section.3}% 10
\BOOKMARK [3][-]{subsubsection.3.4.1}{Cascaded Sub-Network}{subsection.3.4}% 11
\BOOKMARK [3][-]{subsubsection.3.4.2}{Recursive Strategy}{subsection.3.4}% 12
\BOOKMARK [2][-]{subsection.3.5}{Enhanced Image Reconstruction}{section.3}% 13
\BOOKMARK [2][-]{subsection.3.6}{Loss Function}{section.3}% 14
\BOOKMARK [2][-]{subsection.3.7}{Parameter Settings}{section.3}% 15
\BOOKMARK [1][-]{section.4}{Experimental Results}{}% 16
\BOOKMARK [2][-]{subsection.4.1}{Compared Algorithms}{section.4}% 17
\BOOKMARK [2][-]{subsection.4.2}{Datasets}{section.4}% 18
\BOOKMARK [2][-]{subsection.4.3}{Results on Quantitative Evaluation}{section.4}% 19
\BOOKMARK [2][-]{subsection.4.4}{Results on Qualitative Evaluation}{section.4}% 20
\BOOKMARK [2][-]{subsection.4.5}{Ablation Study}{section.4}% 21
\BOOKMARK [3][-]{subsubsection.4.5.1}{Number of Pyramid Levels}{subsection.4.5}% 22
\BOOKMARK [3][-]{subsubsection.4.5.2}{Number of Recursive Blocks}{subsection.4.5}% 23
\BOOKMARK [3][-]{subsubsection.4.5.3}{Loss Function}{subsection.4.5}% 24
\BOOKMARK [3][-]{subsubsection.4.5.4}{Number of Learned Feature Maps}{subsection.4.5}% 25
\BOOKMARK [1][-]{section.5}{Conclusions}{}% 26
\BOOKMARK [1][-]{section*.23}{References}{}% 27
\BOOKMARK [1][-]{IEEEbiography.0}{Biographies}{}% 28
\BOOKMARK [2][-]{IEEEbiography.1}{Nanfeng Jiang}{IEEEbiography.0}% 29
\BOOKMARK [2][-]{IEEEbiography.2}{Weiling Chen}{IEEEbiography.0}% 30
\BOOKMARK [2][-]{IEEEbiography.3}{Yuting Lin}{IEEEbiography.0}% 31
\BOOKMARK [2][-]{IEEEbiography.4}{Tiesong Zhao}{IEEEbiography.0}% 32
\BOOKMARK [2][-]{IEEEbiography.5}{Chia-Wen Lin}{IEEEbiography.0}% 33
